<?xml version="1.0" encoding="UTF-8"?>
<!-- Generated by org.testng.reporters.JUnitXMLReporter -->
<testsuite ignored="11" hostname="satyam" failures="2" tests="21" name="Surefire test" time="346.977" errors="0" timestamp="2026-02-22T18:53:31 IST">
  <testcase classname="com.tricenties.CartTest" name="checkAddedProduct" time="15.382"/>
  <testcase classname="com.tricenties.CartTest" name="clickOnAddToCart" time="11.918"/>
  <testcase classname="com.tricenties.CartTest" name="verifyCartProductWithSelectedProduct" time="13.702"/>
  <testcase classname="com.tricenties.CartTest" name="verifyProductAfterLogout" time="18.244"/>
  <testcase classname="com.tricenties.ContactUsTest" name="enquiry" time="10.314"/>
  <testcase classname="com.tricenties.LoginTest" name="loginSuccess" time="10.667"/>
  <testcase classname="com.tricenties.LoginTest" name="loginSuccess" time="9.141"/>
  <testcase classname="com.tricenties.LoginTest" name="loginWithInvalidCred" time="17.249"/>
  <testcase classname="com.tricenties.LoginTest" name="loginWithInvalidCred" time="20.622"/>
  <testcase classname="com.tricenties.LoginTest" name="loginWithInvalidCred" time="17.83"/>
  <testcase classname="com.tricenties.RegisterTest" name="register_success" time="10.933">
    <failure type="java.lang.AssertionError" message="expected [Your registration completed] but found [The specified email already exists]">
      <![CDATA[java.lang.AssertionError: expected [Your registration completed] but found [The specified email already exists]
at com.tricenties.RegisterTest.register_success(RegisterTest.java:43)
at java.base/java.util.ArrayList.forEach(ArrayList.java:1604)
... Removed 36 stack frames]]>
    </failure>
  </testcase> <!-- register_success -->
  <testcase classname="com.tricenties.RegisterTest" name="register_success" time="13.46">
    <failure type="java.lang.AssertionError" message="expected [Your registration completed] but found [The specified email already exists]">
      <![CDATA[java.lang.AssertionError: expected [Your registration completed] but found [The specified email already exists]
at com.tricenties.RegisterTest.register_success(RegisterTest.java:43)
at java.base/java.util.ArrayList.forEach(ArrayList.java:1604)
... Removed 36 stack frames]]>
    </failure>
  </testcase> <!-- register_success -->
  <testcase classname="com.tricenties.RegisterTest" name="register_validation" time="9.082"/>
  <testcase classname="com.tricenties.RegisterTest" name="register_validation" time="9.107"/>
  <testcase classname="com.tricenties.RegisterTest" name="register_validation" time="8.185"/>
  <testcase classname="com.tricenties.RegisterTest" name="register_validation" time="7.831"/>
  <testcase classname="com.tricenties.RegisterTest" name="register_validation" time="9.862"/>
  <testcase classname="com.tricenties.RegisterTest" name="register_validation" time="8.839"/>
  <testcase classname="com.tricenties.ReviewTest" name="vrifyReviewProduct" time="36.908"/>
  <testcase classname="com.tricenties.WishListTest" name="addToWishList" time="15.986"/>
  <testcase classname="com.tricenties.WishListTest" name="checkAddedProduct" time="14.141"/>
  <testcase classname="utilities.BaseClass" name="@AfterSuite closeSetUp" time="0.0">
    <ignored/>
  </testcase> <!-- @AfterSuite closeSetUp -->
  <testcase classname="utilities.BaseClass" name="@AfterSuite closeSetUp" time="0.0">
    <ignored/>
  </testcase> <!-- @AfterSuite closeSetUp -->
  <testcase classname="utilities.BaseClass" name="@BeforeSuite setUp" time="0.0">
    <ignored/>
  </testcase> <!-- @BeforeSuite setUp -->
  <testcase classname="com.tricenties.ReviewTest" name="reviewProduct" time="0.0">
    <ignored/>
  </testcase> <!-- reviewProduct -->
  <testcase classname="utilities.BaseClass" name="@AfterSuite closeSetUp" time="0.0">
    <ignored/>
  </testcase> <!-- @AfterSuite closeSetUp -->
  <testcase classname="utilities.BaseClass" name="@BeforeSuite setUp" time="0.0">
    <ignored/>
  </testcase> <!-- @BeforeSuite setUp -->
  <testcase classname="utilities.BaseClass" name="@BeforeSuite setUp" time="0.0">
    <ignored/>
  </testcase> <!-- @BeforeSuite setUp -->
  <testcase classname="utilities.BaseClass" name="@BeforeSuite setUp" time="0.0">
    <ignored/>
  </testcase> <!-- @BeforeSuite setUp -->
  <testcase classname="utilities.BaseClass" name="@AfterSuite closeSetUp" time="0.0">
    <ignored/>
  </testcase> <!-- @AfterSuite closeSetUp -->
  <testcase classname="utilities.BaseClass" name="@BeforeSuite setUp" time="0.0">
    <ignored/>
  </testcase> <!-- @BeforeSuite setUp -->
  <testcase classname="utilities.BaseClass" name="@AfterSuite closeSetUp" time="0.0">
    <ignored/>
  </testcase> <!-- @AfterSuite closeSetUp -->
</testsuite> <!-- Surefire test -->
