<html>
<head>
<title>TestNG:  Surefire test</title>
<link href="../testng.css" rel="stylesheet" type="text/css" />
<link href="../my-testng.css" rel="stylesheet" type="text/css" />

<style type="text/css">
.log { display: none;} 
.stack-trace { display: none;} 
</style>
<script type="text/javascript">
<!--
function flip(e) {
  current = e.style.display;
  if (current == 'block') {
    e.style.display = 'none';
    return 0;
  }
  else {
    e.style.display = 'block';
    return 1;
  }
}

function toggleBox(szDivId, elem, msg1, msg2)
{
  var res = -1;  if (document.getElementById) {
    res = flip(document.getElementById(szDivId));
  }
  else if (document.all) {
    // this is the way old msie versions work
    res = flip(document.all[szDivId]);
  }
  if(elem) {
    if(res == 0) elem.innerHTML = msg1; else elem.innerHTML = msg2;
  }

}

function toggleAllBoxes() {
  if (document.getElementsByTagName) {
    d = document.getElementsByTagName('div');
    for (i = 0; i < d.length; i++) {
      if (d[i].className == 'log') {
        flip(d[i]);
      }
    }
  }
}

// -->
</script>

</head>
<body>
<h2 align='center'>Surefire test</h2><table border='1' align="center">
<tr>
<td>Tests passed/Failed/Skipped:</td><td>19/2/0</td>
</tr><tr>
<td>Started on:</td><td>Sun Feb 22 18:47:44 IST 2026</td>
</tr>
<tr><td>Total time:</td><td>346 seconds (346977 ms)</td>
</tr><tr>
<td>Included groups:</td><td></td>
</tr><tr>
<td>Excluded groups:</td><td></td>
</tr>
</table><p/>
<small><i>(Hover the method name to see the test class name)</i></small><p/>
<table width='100%' border='1' class='invocation-failed'>
<tr><td colspan='4' align='center'><b>FAILED TESTS</b></td></tr>
<tr><td><b>Test method</b></td>
<td><b>Attribute(s)</b></td>
<td width="30%"><b>Exception</b></td>
<td width="10%"><b>Time (seconds)</b></td>
<td><b>Instance</b></td>
</tr>
<tr>
<td title='com.tricenties.RegisterTest.register_success()'><b>register_success</b><br>Test class: com.tricenties.RegisterTest<br>Parameters: Female, Anu, Sharma, anu_101212@test.com, Test@123, Test@123</td>
<td><div><pre>java.lang.AssertionError: expected [Your registration completed] but found [The specified email already exists]
	at com.tricenties.RegisterTest.register_success(RegisterTest.java:43)
	at java.base/java.util.ArrayList.forEach(ArrayList.java:1604)
... Removed 36 stack frames</pre></div><a href='#' onClick='toggleBox("stack-trace1746468168", this, "Click to show all stack frames", "Click to hide stack frames")'>Click to show all stack frames</a>
<div class='stack-trace' id='stack-trace1746468168'><pre>java.lang.AssertionError: expected [Your registration completed] but found [The specified email already exists]
	at org.testng.Assert.fail(Assert.java:111)
	at org.testng.Assert.failNotEquals(Assert.java:1578)
	at org.testng.Assert.assertEqualsImpl(Assert.java:150)
	at org.testng.Assert.assertEquals(Assert.java:132)
	at org.testng.Assert.assertEquals(Assert.java:656)
	at org.testng.Assert.assertEquals(Assert.java:666)
	at com.tricenties.RegisterTest.register_success(RegisterTest.java:43)
	at java.base/jdk.internal.reflect.DirectMethodHandleAccessor.invoke(DirectMethodHandleAccessor.java:104)
	at java.base/java.lang.reflect.Method.invoke(Method.java:565)
	at org.testng.internal.invokers.MethodInvocationHelper.invokeMethod(MethodInvocationHelper.java:141)
	at org.testng.internal.invokers.TestInvoker.invokeMethod(TestInvoker.java:686)
	at org.testng.internal.invokers.TestInvoker.invokeTestMethod(TestInvoker.java:230)
	at org.testng.internal.invokers.MethodRunner.runInSequence(MethodRunner.java:63)
	at org.testng.internal.invokers.TestInvoker$MethodInvocationAgent.invoke(TestInvoker.java:992)
	at org.testng.internal.invokers.TestInvoker.invokeTestMethods(TestInvoker.java:203)
	at org.testng.internal.invokers.TestMethodWorker.invokeTestMethods(TestMethodWorker.java:154)
	at org.testng.internal.invokers.TestMethodWorker.run(TestMethodWorker.java:134)
	at java.base/java.util.ArrayList.forEach(ArrayList.java:1604)
	at org.testng.TestRunner.privateRun(TestRunner.java:739)
	at org.testng.TestRunner.run(TestRunner.java:614)
	at org.testng.SuiteRunner.runTest(SuiteRunner.java:421)
	at org.testng.SuiteRunner.runSequentially(SuiteRunner.java:413)
	at org.testng.SuiteRunner.privateRun(SuiteRunner.java:373)
	at org.testng.SuiteRunner.run(SuiteRunner.java:312)
	at org.testng.SuiteRunnerWorker.runSuite(SuiteRunnerWorker.java:52)
	at org.testng.SuiteRunnerWorker.run(SuiteRunnerWorker.java:95)
	at org.testng.TestNG.runSuitesSequentially(TestNG.java:1274)
	at org.testng.TestNG.runSuitesLocally(TestNG.java:1208)
	at org.testng.TestNG.runSuites(TestNG.java:1112)
	at org.testng.TestNG.run(TestNG.java:1079)
	at org.apache.maven.surefire.testng.TestNGExecutor.run(TestNGExecutor.java:155)
	at org.apache.maven.surefire.testng.TestNGDirectoryTestSuite.executeMulti(TestNGDirectoryTestSuite.java:169)
	at org.apache.maven.surefire.testng.TestNGDirectoryTestSuite.execute(TestNGDirectoryTestSuite.java:88)
	at org.apache.maven.surefire.testng.TestNGProvider.invoke(TestNGProvider.java:137)
	at org.apache.maven.surefire.booter.ForkedBooter.runSuitesInProcess(ForkedBooter.java:385)
	at org.apache.maven.surefire.booter.ForkedBooter.execute(ForkedBooter.java:162)
	at org.apache.maven.surefire.booter.ForkedBooter.run(ForkedBooter.java:507)
	at org.apache.maven.surefire.booter.ForkedBooter.main(ForkedBooter.java:495)
</pre></div></td>
<td>10</td>
<td>com.tricenties.RegisterTest@27c86f2d</td></tr>
<tr>
<td title='com.tricenties.RegisterTest.register_success()'><b>register_success</b><br>Test class: com.tricenties.RegisterTest<br>Parameters: Male, Ravi, Kumar, ravi_1023232@test.com, Test@123, Test@123</td>
<td><div><pre>java.lang.AssertionError: expected [Your registration completed] but found [The specified email already exists]
	at com.tricenties.RegisterTest.register_success(RegisterTest.java:43)
	at java.base/java.util.ArrayList.forEach(ArrayList.java:1604)
... Removed 36 stack frames</pre></div><a href='#' onClick='toggleBox("stack-trace1086811994", this, "Click to show all stack frames", "Click to hide stack frames")'>Click to show all stack frames</a>
<div class='stack-trace' id='stack-trace1086811994'><pre>java.lang.AssertionError: expected [Your registration completed] but found [The specified email already exists]
	at org.testng.Assert.fail(Assert.java:111)
	at org.testng.Assert.failNotEquals(Assert.java:1578)
	at org.testng.Assert.assertEqualsImpl(Assert.java:150)
	at org.testng.Assert.assertEquals(Assert.java:132)
	at org.testng.Assert.assertEquals(Assert.java:656)
	at org.testng.Assert.assertEquals(Assert.java:666)
	at com.tricenties.RegisterTest.register_success(RegisterTest.java:43)
	at java.base/jdk.internal.reflect.DirectMethodHandleAccessor.invoke(DirectMethodHandleAccessor.java:104)
	at java.base/java.lang.reflect.Method.invoke(Method.java:565)
	at org.testng.internal.invokers.MethodInvocationHelper.invokeMethod(MethodInvocationHelper.java:141)
	at org.testng.internal.invokers.TestInvoker.invokeMethod(TestInvoker.java:686)
	at org.testng.internal.invokers.TestInvoker.invokeTestMethod(TestInvoker.java:230)
	at org.testng.internal.invokers.MethodRunner.runInSequence(MethodRunner.java:63)
	at org.testng.internal.invokers.TestInvoker$MethodInvocationAgent.invoke(TestInvoker.java:992)
	at org.testng.internal.invokers.TestInvoker.invokeTestMethods(TestInvoker.java:203)
	at org.testng.internal.invokers.TestMethodWorker.invokeTestMethods(TestMethodWorker.java:154)
	at org.testng.internal.invokers.TestMethodWorker.run(TestMethodWorker.java:134)
	at java.base/java.util.ArrayList.forEach(ArrayList.java:1604)
	at org.testng.TestRunner.privateRun(TestRunner.java:739)
	at org.testng.TestRunner.run(TestRunner.java:614)
	at org.testng.SuiteRunner.runTest(SuiteRunner.java:421)
	at org.testng.SuiteRunner.runSequentially(SuiteRunner.java:413)
	at org.testng.SuiteRunner.privateRun(SuiteRunner.java:373)
	at org.testng.SuiteRunner.run(SuiteRunner.java:312)
	at org.testng.SuiteRunnerWorker.runSuite(SuiteRunnerWorker.java:52)
	at org.testng.SuiteRunnerWorker.run(SuiteRunnerWorker.java:95)
	at org.testng.TestNG.runSuitesSequentially(TestNG.java:1274)
	at org.testng.TestNG.runSuitesLocally(TestNG.java:1208)
	at org.testng.TestNG.runSuites(TestNG.java:1112)
	at org.testng.TestNG.run(TestNG.java:1079)
	at org.apache.maven.surefire.testng.TestNGExecutor.run(TestNGExecutor.java:155)
	at org.apache.maven.surefire.testng.TestNGDirectoryTestSuite.executeMulti(TestNGDirectoryTestSuite.java:169)
	at org.apache.maven.surefire.testng.TestNGDirectoryTestSuite.execute(TestNGDirectoryTestSuite.java:88)
	at org.apache.maven.surefire.testng.TestNGProvider.invoke(TestNGProvider.java:137)
	at org.apache.maven.surefire.booter.ForkedBooter.runSuitesInProcess(ForkedBooter.java:385)
	at org.apache.maven.surefire.booter.ForkedBooter.execute(ForkedBooter.java:162)
	at org.apache.maven.surefire.booter.ForkedBooter.run(ForkedBooter.java:507)
	at org.apache.maven.surefire.booter.ForkedBooter.main(ForkedBooter.java:495)
</pre></div></td>
<td>13</td>
<td>com.tricenties.RegisterTest@27c86f2d</td></tr>
</table><p>
<table width='100%' border='1' class='invocation-passed'>
<tr><td colspan='4' align='center'><b>PASSED TESTS</b></td></tr>
<tr><td><b>Test method</b></td>
<td><b>Attribute(s)</b></td>
<td width="30%"><b>Exception</b></td>
<td width="10%"><b>Time (seconds)</b></td>
<td><b>Instance</b></td>
</tr>
<tr>
<td title='com.tricenties.RegisterTest.register_validation()'><b>register_validation</b><br>Test class: com.tricenties.RegisterTest<br>Parameters: Male, Arjun, Das, arjun@test.com, Test@123, , Password is required.<br/>
<a href="#Output-243156317" onClick='toggleBox("Output-243156317", this, "Show output", "Hide output");'>Show output</a>

<a href="#Output-243156317" onClick="toggleAllBoxes();">Show all outputs</a>
<div class='log' id="Output-243156317">
register_validation has been passed<br/>
</div>
</td>
<td></td>
<td>9</td>
<td>com.tricenties.RegisterTest@27c86f2d</td></tr>
<tr>
<td title='com.tricenties.LoginTest.loginWithInvalidCred()'><b>loginWithInvalidCred</b><br>Test class: com.tricenties.LoginTest<br>Parameters: sdasd, Test@21323<br/>
<a href="#Output-961847091" onClick='toggleBox("Output-961847091", this, "Show output", "Hide output");'>Show output</a>

<a href="#Output-961847091" onClick="toggleAllBoxes();">Show all outputs</a>
<div class='log' id="Output-961847091">
loginWithInvalidCred has been passed<br/>
</div>
</td>
<td></td>
<td>17</td>
<td>com.tricenties.LoginTest@6b4a4e18</td></tr>
<tr>
<td title='com.tricenties.RegisterTest.register_validation()'><b>register_validation</b><br>Test class: com.tricenties.RegisterTest<br>Parameters: Female, Neha, Roy, neha@test.com, , 123.0, Password is required.<br/>
<a href="#Output-1349707320" onClick='toggleBox("Output-1349707320", this, "Show output", "Hide output");'>Show output</a>

<a href="#Output-1349707320" onClick="toggleAllBoxes();">Show all outputs</a>
<div class='log' id="Output-1349707320">
register_validation has been passed<br/>
</div>
</td>
<td></td>
<td>7</td>
<td>com.tricenties.RegisterTest@27c86f2d</td></tr>
<tr>
<td title='com.tricenties.RegisterTest.register_validation()'><b>register_validation</b><br>Test class: com.tricenties.RegisterTest<br>Parameters: Male, Arjun, Das, arjun@test.com, Test@124, Test@4234234, The password and confirmation password do not match.<br/>
<a href="#Output-1815479580" onClick='toggleBox("Output-1815479580", this, "Show output", "Hide output");'>Show output</a>

<a href="#Output-1815479580" onClick="toggleAllBoxes();">Show all outputs</a>
<div class='log' id="Output-1815479580">
register_validation has been passed<br/>
</div>
</td>
<td></td>
<td>8</td>
<td>com.tricenties.RegisterTest@27c86f2d</td></tr>
<tr>
<td title='com.tricenties.RegisterTest.register_validation()'><b>register_validation</b><br>Test class: com.tricenties.RegisterTest<br>Parameters: Female, Riya, , riya@test.com, Test@123, Test@123, Last name is required.<br/>
<a href="#Output-1207580273" onClick='toggleBox("Output-1207580273", this, "Show output", "Hide output");'>Show output</a>

<a href="#Output-1207580273" onClick="toggleAllBoxes();">Show all outputs</a>
<div class='log' id="Output-1207580273">
register_validation has been passed<br/>
</div>
</td>
<td></td>
<td>9</td>
<td>com.tricenties.RegisterTest@27c86f2d</td></tr>
<tr>
<td title='com.tricenties.LoginTest.loginWithInvalidCred()'><b>loginWithInvalidCred</b><br>Test class: com.tricenties.LoginTest<br>Parameters: , <br/>
<a href="#Output-565517913" onClick='toggleBox("Output-565517913", this, "Show output", "Hide output");'>Show output</a>

<a href="#Output-565517913" onClick="toggleAllBoxes();">Show all outputs</a>
<div class='log' id="Output-565517913">
loginWithInvalidCred has been passed<br/>
</div>
</td>
<td></td>
<td>17</td>
<td>com.tricenties.LoginTest@6b4a4e18</td></tr>
<tr>
<td title='com.tricenties.CartTest.checkAddedProduct()'><b>checkAddedProduct</b><br>Test class: com.tricenties.CartTest<br/>
<a href="#Output-888378046" onClick='toggleBox("Output-888378046", this, "Show output", "Hide output");'>Show output</a>

<a href="#Output-888378046" onClick="toggleAllBoxes();">Show all outputs</a>
<div class='log' id="Output-888378046">
name and prices match with selected product: true<br/>
Tc3 Passed<br/>
checkAddedProduct has been passed<br/>
</div>
</td>
<td></td>
<td>15</td>
<td>com.tricenties.CartTest@290d210d</td></tr>
<tr>
<td title='com.tricenties.CartTest.verifyCartProductWithSelectedProduct()'><b>verifyCartProductWithSelectedProduct</b><br>Test class: com.tricenties.CartTest<br/>
<a href="#Output-111702054" onClick='toggleBox("Output-111702054", this, "Show output", "Hide output");'>Show output</a>

<a href="#Output-111702054" onClick="toggleAllBoxes();">Show all outputs</a>
<div class='log' id="Output-111702054">
Tc2 passed<br/>
verifyCartProductWithSelectedProduct has been passed<br/>
</div>
</td>
<td></td>
<td>13</td>
<td>com.tricenties.CartTest@290d210d</td></tr>
<tr>
<td title='com.tricenties.CartTest.clickOnAddToCart()'><b>clickOnAddToCart</b><br>Test class: com.tricenties.CartTest<br/>
<a href="#Output-1091597918" onClick='toggleBox("Output-1091597918", this, "Show output", "Hide output");'>Show output</a>

<a href="#Output-1091597918" onClick="toggleAllBoxes();">Show all outputs</a>
<div class='log' id="Output-1091597918">
The product has been added to your shopping cart<br/>
Tc1 Pssed<br/>
clickOnAddToCart has been passed<br/>
</div>
</td>
<td></td>
<td>11</td>
<td>com.tricenties.CartTest@290d210d</td></tr>
<tr>
<td title='com.tricenties.LoginTest.loginSuccess()'><b>loginSuccess</b><br>Test class: com.tricenties.LoginTest<br>Parameters: anu_101212@test.com, Test@123<br/>
<a href="#Output-988637661" onClick='toggleBox("Output-988637661", this, "Show output", "Hide output");'>Show output</a>

<a href="#Output-988637661" onClick="toggleAllBoxes();">Show all outputs</a>
<div class='log' id="Output-988637661">
loginSuccess has been passed<br/>
</div>
</td>
<td></td>
<td>10</td>
<td>com.tricenties.LoginTest@6b4a4e18</td></tr>
<tr>
<td title='com.tricenties.CartTest.verifyProductAfterLogout()'><b>verifyProductAfterLogout</b><br>Test class: com.tricenties.CartTest<br/>
<a href="#Output-423870962" onClick='toggleBox("Output-423870962", this, "Show output", "Hide output");'>Show output</a>

<a href="#Output-423870962" onClick="toggleAllBoxes();">Show all outputs</a>
<div class='log' id="Output-423870962">
name and prices match with selected product: true<br/>
Tc4 passed<br/>
verifyProductAfterLogout has been passed<br/>
</div>
</td>
<td></td>
<td>18</td>
<td>com.tricenties.CartTest@290d210d</td></tr>
<tr>
<td title='com.tricenties.WishListTest.addToWishList()'><b>addToWishList</b><br>Test class: com.tricenties.WishListTest<br/>
<a href="#Output-312243725" onClick='toggleBox("Output-312243725", this, "Show output", "Hide output");'>Show output</a>

<a href="#Output-312243725" onClick="toggleAllBoxes();">Show all outputs</a>
<div class='log' id="Output-312243725">
The product has been added to your wishlist<br/>
The wishlist is empty!<br/>
addToWishList has been passed<br/>
</div>
</td>
<td></td>
<td>15</td>
<td>com.tricenties.WishListTest@402e37bc</td></tr>
<tr>
<td title='com.tricenties.ContactUsTest.enquiry()'><b>enquiry</b><br>Test class: com.tricenties.ContactUsTest<br/>
<a href="#Output-1209462308" onClick='toggleBox("Output-1209462308", this, "Show output", "Hide output");'>Show output</a>

<a href="#Output-1209462308" onClick="toggleAllBoxes();">Show all outputs</a>
<div class='log' id="Output-1209462308">
enquiry has been passed<br/>
</div>
</td>
<td></td>
<td>10</td>
<td>com.tricenties.ContactUsTest@78b729e6</td></tr>
<tr>
<td title='com.tricenties.LoginTest.loginSuccess()'><b>loginSuccess</b><br>Test class: com.tricenties.LoginTest<br>Parameters: ravi_1023232@test.com, Test@123<br/>
<a href="#Output-779166731" onClick='toggleBox("Output-779166731", this, "Show output", "Hide output");'>Show output</a>

<a href="#Output-779166731" onClick="toggleAllBoxes();">Show all outputs</a>
<div class='log' id="Output-779166731">
loginSuccess has been passed<br/>
</div>
</td>
<td></td>
<td>9</td>
<td>com.tricenties.LoginTest@6b4a4e18</td></tr>
<tr>
<td title='com.tricenties.RegisterTest.register_validation()'><b>register_validation</b><br>Test class: com.tricenties.RegisterTest<br>Parameters: Male, , Shah, karan@test.com, Test@123, Test@123, First name is required.<br/>
<a href="#Output-859156431" onClick='toggleBox("Output-859156431", this, "Show output", "Hide output");'>Show output</a>

<a href="#Output-859156431" onClick="toggleAllBoxes();">Show all outputs</a>
<div class='log' id="Output-859156431">
register_validation has been passed<br/>
</div>
</td>
<td></td>
<td>9</td>
<td>com.tricenties.RegisterTest@27c86f2d</td></tr>
<tr>
<td title='com.tricenties.ReviewTest.vrifyReviewProduct()'><b>vrifyReviewProduct</b><br>Test class: com.tricenties.ReviewTest<br/>
<a href="#Output-290172400" onClick='toggleBox("Output-290172400", this, "Show output", "Hide output");'>Show output</a>

<a href="#Output-290172400" onClick="toggleAllBoxes();">Show all outputs</a>
<div class='log' id="Output-290172400">
vrifyReviewProduct has been passed<br/>
</div>
</td>
<td></td>
<td>36</td>
<td>com.tricenties.ReviewTest@197d671</td></tr>
<tr>
<td title='com.tricenties.RegisterTest.register_validation()'><b>register_validation</b><br>Test class: com.tricenties.RegisterTest<br>Parameters: Male, Amit, Verma, , Test@123, Test@123, Email is required.<br/>
<a href="#Output-305964128" onClick='toggleBox("Output-305964128", this, "Show output", "Hide output");'>Show output</a>

<a href="#Output-305964128" onClick="toggleAllBoxes();">Show all outputs</a>
<div class='log' id="Output-305964128">
register_validation has been passed<br/>
</div>
</td>
<td></td>
<td>8</td>
<td>com.tricenties.RegisterTest@27c86f2d</td></tr>
<tr>
<td title='com.tricenties.WishListTest.checkAddedProduct()'><b>checkAddedProduct</b><br>Test class: com.tricenties.WishListTest<br/>
<a href="#Output-237492603" onClick='toggleBox("Output-237492603", this, "Show output", "Hide output");'>Show output</a>

<a href="#Output-237492603" onClick="toggleAllBoxes();">Show all outputs</a>
<div class='log' id="Output-237492603">
Blue and green Sneaker<br/>
Blue and green Sneaker<br/>
The product has been added to your wishlist<br/>
name and prices match with selected product: true<br/>
checkAddedProduct has been passed<br/>
</div>
</td>
<td></td>
<td>14</td>
<td>com.tricenties.WishListTest@402e37bc</td></tr>
<tr>
<td title='com.tricenties.LoginTest.loginWithInvalidCred()'><b>loginWithInvalidCred</b><br>Test class: com.tricenties.LoginTest<br>Parameters: satyam@gmail.com, <br/>
<a href="#Output-650687126" onClick='toggleBox("Output-650687126", this, "Show output", "Hide output");'>Show output</a>

<a href="#Output-650687126" onClick="toggleAllBoxes();">Show all outputs</a>
<div class='log' id="Output-650687126">
loginWithInvalidCred has been passed<br/>
</div>
</td>
<td></td>
<td>20</td>
<td>com.tricenties.LoginTest@6b4a4e18</td></tr>
</table><p>
</body>
</html>