<?xml version="1.0" encoding="UTF-8"?>
<!-- Generated by org.testng.reporters.JUnitReportReporter -->
<testsuite hostname="satyam" failures="0" tests="4" name="com.tricenties.CartTest" time="74.676" errors="0" timestamp="2026-02-22T18:53:32 IST" skipped="0">
  <testcase classname="com.tricenties.CartTest" name="verifyProductAfterLogout" time="26.677">
    <system-out>
      <![CDATA[name and prices match with selected product: true
Tc4 passed
verifyProductAfterLogout has been passed]]>
    </system-out>
  </testcase> <!-- verifyProductAfterLogout -->
  <testcase classname="com.tricenties.CartTest" name="checkAddedProduct" time="18.139">
    <system-out>
      <![CDATA[name and prices match with selected product: true
Tc3 Passed
checkAddedProduct has been passed]]>
    </system-out>
  </testcase> <!-- checkAddedProduct -->
  <testcase classname="com.tricenties.CartTest" name="verifyCartProductWithSelectedProduct" time="15.686">
    <system-out>
      <![CDATA[Tc2 passed
verifyCartProductWithSelectedProduct has been passed]]>
    </system-out>
  </testcase> <!-- verifyCartProductWithSelectedProduct -->
  <testcase classname="com.tricenties.CartTest" name="clickOnAddToCart" time="14.174">
    <system-out>
      <![CDATA[The product has been added to your shopping cart
Tc1 Pssed
clickOnAddToCart has been passed]]>
    </system-out>
  </testcase> <!-- clickOnAddToCart -->
  <system-out>
    <![CDATA[name and prices match with selected product: true
Tc3 Passed
checkAddedProduct has been passed
The product has been added to your shopping cart
Tc1 Pssed
clickOnAddToCart has been passed
Tc2 passed
verifyCartProductWithSelectedProduct has been passed
name and prices match with selected product: true
Tc4 passed
verifyProductAfterLogout has been passed
enquiry has been passed
loginSuccess has been passed
loginSuccess has been passed
loginWithInvalidCred has been passed
loginWithInvalidCred has been passed
loginWithInvalidCred has been passed
register_validation has been passed
register_validation has been passed
register_validation has been passed
register_validation has been passed
register_validation has been passed
register_validation has been passed
vrifyReviewProduct has been passed
The product has been added to your wishlist
The wishlist is empty!
addToWishList has been passed
Blue and green Sneaker
Blue and green Sneaker
The product has been added to your wishlist
name and prices match with selected product: true
checkAddedProduct has been passed]]>
  </system-out>
</testsuite> <!-- com.tricenties.CartTest -->
