<?xml version="1.0" encoding="UTF-8"?>
<!-- Generated by org.testng.reporters.JUnitXMLReporter -->
<testsuite ignored="0" hostname="satyam" failures="0" tests="4" name="Default test" time="72.274" errors="0" timestamp="2026-02-22T18:21:28 IST">
  <testcase classname="com.tricenties.CartModule" name="checkAddedProduct" time="14.825"/>
  <testcase classname="com.tricenties.CartModule" name="clickOnAddToCart" time="17.21"/>
  <testcase classname="com.tricenties.CartModule" name="verifyCartProductWithSelectedProduct" time="14.257"/>
  <testcase classname="com.tricenties.CartModule" name="verifyProductAfterLogout" time="15.801"/>
</testsuite> <!-- Default test -->
