<?xml version="1.0" encoding="UTF-8"?>
<testng-results ignored="0" total="21" passed="19" failed="2" skipped="0">
  <reporter-output>
    <line>
      <![CDATA[name and prices match with selected product: true]]>
    </line>
    <line>
      <![CDATA[Tc3 Passed]]>
    </line>
    <line>
      <![CDATA[checkAddedProduct has been passed]]>
    </line>
    <line>
      <![CDATA[The product has been added to your shopping cart]]>
    </line>
    <line>
      <![CDATA[Tc1 Pssed]]>
    </line>
    <line>
      <![CDATA[clickOnAddToCart has been passed]]>
    </line>
    <line>
      <![CDATA[Tc2 passed]]>
    </line>
    <line>
      <![CDATA[verifyCartProductWithSelectedProduct has been passed]]>
    </line>
    <line>
      <![CDATA[name and prices match with selected product: true]]>
    </line>
    <line>
      <![CDATA[Tc4 passed]]>
    </line>
    <line>
      <![CDATA[verifyProductAfterLogout has been passed]]>
    </line>
    <line>
      <![CDATA[enquiry has been passed]]>
    </line>
    <line>
      <![CDATA[loginSuccess has been passed]]>
    </line>
    <line>
      <![CDATA[loginSuccess has been passed]]>
    </line>
    <line>
      <![CDATA[loginWithInvalidCred has been passed]]>
    </line>
    <line>
      <![CDATA[loginWithInvalidCred has been passed]]>
    </line>
    <line>
      <![CDATA[loginWithInvalidCred has been passed]]>
    </line>
    <line>
      <![CDATA[register_validation has been passed]]>
    </line>
    <line>
      <![CDATA[register_validation has been passed]]>
    </line>
    <line>
      <![CDATA[register_validation has been passed]]>
    </line>
    <line>
      <![CDATA[register_validation has been passed]]>
    </line>
    <line>
      <![CDATA[register_validation has been passed]]>
    </line>
    <line>
      <![CDATA[register_validation has been passed]]>
    </line>
    <line>
      <![CDATA[vrifyReviewProduct has been passed]]>
    </line>
    <line>
      <![CDATA[The product has been added to your wishlist]]>
    </line>
    <line>
      <![CDATA[The wishlist is empty!]]>
    </line>
    <line>
      <![CDATA[addToWishList has been passed]]>
    </line>
    <line>
      <![CDATA[Blue and green Sneaker]]>
    </line>
    <line>
      <![CDATA[Blue and green Sneaker]]>
    </line>
    <line>
      <![CDATA[The product has been added to your wishlist]]>
    </line>
    <line>
      <![CDATA[name and prices match with selected product: true]]>
    </line>
    <line>
      <![CDATA[checkAddedProduct has been passed]]>
    </line>
  </reporter-output>
  <suite started-at="2026-02-22T18:47:44 IST" name="Surefire suite" finished-at="2026-02-22T18:53:31 IST" duration-ms="346977">
    <groups>
      <group name="regression">
        <method signature="CartTest.clickOnAddToCart()[pri:0, instance:com.tricenties.CartTest@290d210d]" name="clickOnAddToCart" class="com.tricenties.CartTest"/>
        <method signature="WishListTest.addToWishList()[pri:0, instance:com.tricenties.WishListTest@402e37bc]" name="addToWishList" class="com.tricenties.WishListTest"/>
      </group> <!-- regression -->
      <group name="smoke">
        <method signature="ContactUsTest.enquiry()[pri:0, instance:com.tricenties.ContactUsTest@78b729e6]" name="enquiry" class="com.tricenties.ContactUsTest"/>
      </group> <!-- smoke -->
    </groups>
    <test started-at="2026-02-22T18:47:44 IST" name="Surefire test" finished-at="2026-02-22T18:53:31 IST" duration-ms="346977">
      <class name="com.tricenties.ReviewTest">
        <test-method is-config="true" signature="openBrowser()[pri:0, instance:com.tricenties.ReviewTest@197d671]" started-at="2026-02-22T18:52:17 IST" name="openBrowser" finished-at="2026-02-22T18:52:20 IST" duration-ms="2345" status="PASS">
          <reporter-output>
          </reporter-output>
        </test-method> <!-- openBrowser -->
        <test-method signature="vrifyReviewProduct()[pri:0, instance:com.tricenties.ReviewTest@197d671]" started-at="2026-02-22T18:52:20 IST" name="vrifyReviewProduct" finished-at="2026-02-22T18:52:56 IST" duration-ms="36908" status="PASS">
          <reporter-output>
            <line>
              <![CDATA[vrifyReviewProduct has been passed]]>
            </line>
          </reporter-output>
        </test-method> <!-- vrifyReviewProduct -->
        <test-method is-config="true" signature="closeBrowser()[pri:0, instance:com.tricenties.ReviewTest@197d671]" started-at="2026-02-22T18:52:56 IST" name="closeBrowser" finished-at="2026-02-22T18:52:57 IST" duration-ms="356" status="PASS">
          <reporter-output>
          </reporter-output>
        </test-method> <!-- closeBrowser -->
      </class> <!-- com.tricenties.ReviewTest -->
      <class name="com.tricenties.ContactUsTest">
        <test-method is-config="true" signature="openBrowser()[pri:0, instance:com.tricenties.ContactUsTest@78b729e6]" started-at="2026-02-22T18:48:59 IST" name="openBrowser" finished-at="2026-02-22T18:49:01 IST" duration-ms="2006" status="PASS">
          <reporter-output>
          </reporter-output>
        </test-method> <!-- openBrowser -->
        <test-method signature="enquiry()[pri:0, instance:com.tricenties.ContactUsTest@78b729e6]" started-at="2026-02-22T18:49:01 IST" name="enquiry" finished-at="2026-02-22T18:49:11 IST" duration-ms="10314" status="PASS">
          <reporter-output>
            <line>
              <![CDATA[enquiry has been passed]]>
            </line>
          </reporter-output>
        </test-method> <!-- enquiry -->
        <test-method is-config="true" signature="closeBrowser()[pri:0, instance:com.tricenties.ContactUsTest@78b729e6]" started-at="2026-02-22T18:49:11 IST" name="closeBrowser" finished-at="2026-02-22T18:49:12 IST" duration-ms="321" status="PASS">
          <reporter-output>
          </reporter-output>
        </test-method> <!-- closeBrowser -->
      </class> <!-- com.tricenties.ContactUsTest -->
      <class name="com.tricenties.CartTest">
        <test-method is-config="true" signature="setUp()[pri:0, instance:com.tricenties.CartTest@290d210d]" started-at="2026-02-22T18:47:43 IST" name="setUp" finished-at="2026-02-22T18:47:44 IST" duration-ms="1351" status="PASS">
          <reporter-output>
          </reporter-output>
        </test-method> <!-- setUp -->
        <test-method is-config="true" signature="openBrowser()[pri:0, instance:com.tricenties.CartTest@290d210d]" started-at="2026-02-22T18:47:44 IST" name="openBrowser" finished-at="2026-02-22T18:47:52 IST" duration-ms="8061" status="PASS">
          <reporter-output>
          </reporter-output>
        </test-method> <!-- openBrowser -->
        <test-method signature="checkAddedProduct()[pri:0, instance:com.tricenties.CartTest@290d210d]" started-at="2026-02-22T18:47:52 IST" name="checkAddedProduct" finished-at="2026-02-22T18:48:08 IST" duration-ms="15382" status="PASS">
          <reporter-output>
            <line>
              <![CDATA[name and prices match with selected product: true]]>
            </line>
            <line>
              <![CDATA[Tc3 Passed]]>
            </line>
            <line>
              <![CDATA[checkAddedProduct has been passed]]>
            </line>
          </reporter-output>
        </test-method> <!-- checkAddedProduct -->
        <test-method is-config="true" signature="closeBrowser()[pri:0, instance:com.tricenties.CartTest@290d210d]" started-at="2026-02-22T18:48:08 IST" name="closeBrowser" finished-at="2026-02-22T18:48:08 IST" duration-ms="313" status="PASS">
          <reporter-output>
          </reporter-output>
        </test-method> <!-- closeBrowser -->
        <test-method is-config="true" signature="openBrowser()[pri:0, instance:com.tricenties.CartTest@290d210d]" started-at="2026-02-22T18:48:08 IST" name="openBrowser" finished-at="2026-02-22T18:48:10 IST" duration-ms="2444" status="PASS">
          <reporter-output>
          </reporter-output>
        </test-method> <!-- openBrowser -->
        <test-method signature="clickOnAddToCart()[pri:0, instance:com.tricenties.CartTest@290d210d]" started-at="2026-02-22T18:48:10 IST" name="clickOnAddToCart" finished-at="2026-02-22T18:48:22 IST" duration-ms="11918" status="PASS">
          <reporter-output>
            <line>
              <![CDATA[The product has been added to your shopping cart]]>
            </line>
            <line>
              <![CDATA[Tc1 Pssed]]>
            </line>
            <line>
              <![CDATA[clickOnAddToCart has been passed]]>
            </line>
          </reporter-output>
        </test-method> <!-- clickOnAddToCart -->
        <test-method is-config="true" signature="closeBrowser()[pri:0, instance:com.tricenties.CartTest@290d210d]" started-at="2026-02-22T18:48:22 IST" name="closeBrowser" finished-at="2026-02-22T18:48:23 IST" duration-ms="341" status="PASS">
          <reporter-output>
          </reporter-output>
        </test-method> <!-- closeBrowser -->
        <test-method is-config="true" signature="openBrowser()[pri:0, instance:com.tricenties.CartTest@290d210d]" started-at="2026-02-22T18:48:23 IST" name="openBrowser" finished-at="2026-02-22T18:48:25 IST" duration-ms="1932" status="PASS">
          <reporter-output>
          </reporter-output>
        </test-method> <!-- openBrowser -->
        <test-method signature="verifyCartProductWithSelectedProduct()[pri:0, instance:com.tricenties.CartTest@290d210d]" started-at="2026-02-22T18:48:25 IST" name="verifyCartProductWithSelectedProduct" finished-at="2026-02-22T18:48:38 IST" duration-ms="13702" status="PASS">
          <reporter-output>
            <line>
              <![CDATA[Tc2 passed]]>
            </line>
            <line>
              <![CDATA[verifyCartProductWithSelectedProduct has been passed]]>
            </line>
          </reporter-output>
        </test-method> <!-- verifyCartProductWithSelectedProduct -->
        <test-method is-config="true" signature="closeBrowser()[pri:0, instance:com.tricenties.CartTest@290d210d]" started-at="2026-02-22T18:48:38 IST" name="closeBrowser" finished-at="2026-02-22T18:48:39 IST" duration-ms="324" status="PASS">
          <reporter-output>
          </reporter-output>
        </test-method> <!-- closeBrowser -->
        <test-method is-config="true" signature="openBrowser()[pri:0, instance:com.tricenties.CartTest@290d210d]" started-at="2026-02-22T18:48:39 IST" name="openBrowser" finished-at="2026-02-22T18:48:40 IST" duration-ms="1643" status="PASS">
          <reporter-output>
          </reporter-output>
        </test-method> <!-- openBrowser -->
        <test-method signature="verifyProductAfterLogout()[pri:0, instance:com.tricenties.CartTest@290d210d]" started-at="2026-02-22T18:48:40 IST" name="verifyProductAfterLogout" finished-at="2026-02-22T18:48:59 IST" duration-ms="18244" status="PASS">
          <reporter-output>
            <line>
              <![CDATA[name and prices match with selected product: true]]>
            </line>
            <line>
              <![CDATA[Tc4 passed]]>
            </line>
            <line>
              <![CDATA[verifyProductAfterLogout has been passed]]>
            </line>
          </reporter-output>
        </test-method> <!-- verifyProductAfterLogout -->
        <test-method is-config="true" signature="closeBrowser()[pri:0, instance:com.tricenties.CartTest@290d210d]" started-at="2026-02-22T18:48:59 IST" name="closeBrowser" finished-at="2026-02-22T18:48:59 IST" duration-ms="372" status="PASS">
          <reporter-output>
          </reporter-output>
        </test-method> <!-- closeBrowser -->
        <test-method is-config="true" signature="closeSetUp()[pri:0, instance:com.tricenties.CartTest@290d210d]" started-at="2026-02-22T18:53:32 IST" name="closeSetUp" finished-at="2026-02-22T18:53:32 IST" duration-ms="0" status="PASS">
          <reporter-output>
          </reporter-output>
        </test-method> <!-- closeSetUp -->
      </class> <!-- com.tricenties.CartTest -->
      <class name="com.tricenties.WishListTest">
        <test-method is-config="true" signature="openBrowser()[pri:0, instance:com.tricenties.WishListTest@402e37bc]" started-at="2026-02-22T18:52:57 IST" name="openBrowser" finished-at="2026-02-22T18:52:59 IST" duration-ms="1861" status="PASS">
          <reporter-output>
          </reporter-output>
        </test-method> <!-- openBrowser -->
        <test-method signature="addToWishList()[pri:0, instance:com.tricenties.WishListTest@402e37bc]" started-at="2026-02-22T18:52:59 IST" name="addToWishList" finished-at="2026-02-22T18:53:15 IST" duration-ms="15986" status="PASS">
          <reporter-output>
            <line>
              <![CDATA[The product has been added to your wishlist]]>
            </line>
            <line>
              <![CDATA[The wishlist is empty!]]>
            </line>
            <line>
              <![CDATA[addToWishList has been passed]]>
            </line>
          </reporter-output>
        </test-method> <!-- addToWishList -->
        <test-method is-config="true" signature="closeBrowser()[pri:0, instance:com.tricenties.WishListTest@402e37bc]" started-at="2026-02-22T18:53:15 IST" name="closeBrowser" finished-at="2026-02-22T18:53:15 IST" duration-ms="301" status="PASS">
          <reporter-output>
          </reporter-output>
        </test-method> <!-- closeBrowser -->
        <test-method is-config="true" signature="openBrowser()[pri:0, instance:com.tricenties.WishListTest@402e37bc]" started-at="2026-02-22T18:53:15 IST" name="openBrowser" finished-at="2026-02-22T18:53:17 IST" duration-ms="1676" status="PASS">
          <reporter-output>
          </reporter-output>
        </test-method> <!-- openBrowser -->
        <test-method signature="checkAddedProduct()[pri:0, instance:com.tricenties.WishListTest@402e37bc]" started-at="2026-02-22T18:53:17 IST" name="checkAddedProduct" finished-at="2026-02-22T18:53:31 IST" duration-ms="14141" status="PASS">
          <reporter-output>
            <line>
              <![CDATA[Blue and green Sneaker]]>
            </line>
            <line>
              <![CDATA[Blue and green Sneaker]]>
            </line>
            <line>
              <![CDATA[The product has been added to your wishlist]]>
            </line>
            <line>
              <![CDATA[name and prices match with selected product: true]]>
            </line>
            <line>
              <![CDATA[checkAddedProduct has been passed]]>
            </line>
          </reporter-output>
        </test-method> <!-- checkAddedProduct -->
        <test-method is-config="true" signature="closeBrowser()[pri:0, instance:com.tricenties.WishListTest@402e37bc]" started-at="2026-02-22T18:53:31 IST" name="closeBrowser" finished-at="2026-02-22T18:53:31 IST" duration-ms="314" status="PASS">
          <reporter-output>
          </reporter-output>
        </test-method> <!-- closeBrowser -->
      </class> <!-- com.tricenties.WishListTest -->
      <class name="com.tricenties.RegisterTest">
        <test-method is-config="true" signature="openBrowser()[pri:0, instance:com.tricenties.RegisterTest@27c86f2d]" started-at="2026-02-22T18:50:40 IST" name="openBrowser" finished-at="2026-02-22T18:50:42 IST" duration-ms="1660" status="PASS">
          <reporter-output>
          </reporter-output>
        </test-method> <!-- openBrowser -->
        <test-method signature="register_success(java.lang.String,java.lang.String,java.lang.String,java.lang.String,java.lang.String,java.lang.String)[pri:0, instance:com.tricenties.RegisterTest@27c86f2d]" started-at="2026-02-22T18:50:42 IST" name="register_success" data-provider="testCaseData" finished-at="2026-02-22T18:50:53 IST" duration-ms="10933" status="FAIL">
          <params>
            <param index="0">
              <value>
                <![CDATA[Female]]>
              </value>
            </param>
            <param index="1">
              <value>
                <![CDATA[Anu]]>
              </value>
            </param>
            <param index="2">
              <value>
                <![CDATA[Sharma]]>
              </value>
            </param>
            <param index="3">
              <value>
                <![CDATA[anu_101212@test.com]]>
              </value>
            </param>
            <param index="4">
              <value>
                <![CDATA[Test@123]]>
              </value>
            </param>
            <param index="5">
              <value>
                <![CDATA[Test@123]]>
              </value>
            </param>
          </params>
          <exception class="java.lang.AssertionError">
            <message>
              <![CDATA[expected [Your registration completed] but found [The specified email already exists]]]>
            </message>
            <full-stacktrace>
              <![CDATA[java.lang.AssertionError: expected [Your registration completed] but found [The specified email already exists]
at org.testng.Assert.fail(Assert.java:111)
at org.testng.Assert.failNotEquals(Assert.java:1578)
at org.testng.Assert.assertEqualsImpl(Assert.java:150)
at org.testng.Assert.assertEquals(Assert.java:132)
at org.testng.Assert.assertEquals(Assert.java:656)
at org.testng.Assert.assertEquals(Assert.java:666)
at com.tricenties.RegisterTest.register_success(RegisterTest.java:43)
at java.base/jdk.internal.reflect.DirectMethodHandleAccessor.invoke(DirectMethodHandleAccessor.java:104)
at java.base/java.lang.reflect.Method.invoke(Method.java:565)
at org.testng.internal.invokers.MethodInvocationHelper.invokeMethod(MethodInvocationHelper.java:141)
at org.testng.internal.invokers.TestInvoker.invokeMethod(TestInvoker.java:686)
at org.testng.internal.invokers.TestInvoker.invokeTestMethod(TestInvoker.java:230)
at org.testng.internal.invokers.MethodRunner.runInSequence(MethodRunner.java:63)
at org.testng.internal.invokers.TestInvoker$MethodInvocationAgent.invoke(TestInvoker.java:992)
at org.testng.internal.invokers.TestInvoker.invokeTestMethods(TestInvoker.java:203)
at org.testng.internal.invokers.TestMethodWorker.invokeTestMethods(TestMethodWorker.java:154)
at org.testng.internal.invokers.TestMethodWorker.run(TestMethodWorker.java:134)
at java.base/java.util.ArrayList.forEach(ArrayList.java:1604)
at org.testng.TestRunner.privateRun(TestRunner.java:739)
at org.testng.TestRunner.run(TestRunner.java:614)
at org.testng.SuiteRunner.runTest(SuiteRunner.java:421)
at org.testng.SuiteRunner.runSequentially(SuiteRunner.java:413)
at org.testng.SuiteRunner.privateRun(SuiteRunner.java:373)
at org.testng.SuiteRunner.run(SuiteRunner.java:312)
at org.testng.SuiteRunnerWorker.runSuite(SuiteRunnerWorker.java:52)
at org.testng.SuiteRunnerWorker.run(SuiteRunnerWorker.java:95)
at org.testng.TestNG.runSuitesSequentially(TestNG.java:1274)
at org.testng.TestNG.runSuitesLocally(TestNG.java:1208)
at org.testng.TestNG.runSuites(TestNG.java:1112)
at org.testng.TestNG.run(TestNG.java:1079)
at org.apache.maven.surefire.testng.TestNGExecutor.run(TestNGExecutor.java:155)
at org.apache.maven.surefire.testng.TestNGDirectoryTestSuite.executeMulti(TestNGDirectoryTestSuite.java:169)
at org.apache.maven.surefire.testng.TestNGDirectoryTestSuite.execute(TestNGDirectoryTestSuite.java:88)
at org.apache.maven.surefire.testng.TestNGProvider.invoke(TestNGProvider.java:137)
at org.apache.maven.surefire.booter.ForkedBooter.runSuitesInProcess(ForkedBooter.java:385)
at org.apache.maven.surefire.booter.ForkedBooter.execute(ForkedBooter.java:162)
at org.apache.maven.surefire.booter.ForkedBooter.run(ForkedBooter.java:507)
at org.apache.maven.surefire.booter.ForkedBooter.main(ForkedBooter.java:495)
]]>
            </full-stacktrace>
          </exception> <!-- java.lang.AssertionError -->
          <reporter-output>
          </reporter-output>
        </test-method> <!-- register_success -->
        <test-method is-config="true" signature="closeBrowser()[pri:0, instance:com.tricenties.RegisterTest@27c86f2d]" started-at="2026-02-22T18:50:53 IST" name="closeBrowser" finished-at="2026-02-22T18:50:55 IST" duration-ms="1869" status="PASS">
          <reporter-output>
          </reporter-output>
        </test-method> <!-- closeBrowser -->
        <test-method is-config="true" signature="openBrowser()[pri:0, instance:com.tricenties.RegisterTest@27c86f2d]" started-at="2026-02-22T18:50:55 IST" name="openBrowser" finished-at="2026-02-22T18:50:57 IST" duration-ms="2111" status="PASS">
          <reporter-output>
          </reporter-output>
        </test-method> <!-- openBrowser -->
        <test-method signature="register_success(java.lang.String,java.lang.String,java.lang.String,java.lang.String,java.lang.String,java.lang.String)[pri:0, instance:com.tricenties.RegisterTest@27c86f2d]" started-at="2026-02-22T18:50:57 IST" name="register_success" data-provider="testCaseData" finished-at="2026-02-22T18:51:10 IST" duration-ms="13460" status="FAIL">
          <params>
            <param index="0">
              <value>
                <![CDATA[Male]]>
              </value>
            </param>
            <param index="1">
              <value>
                <![CDATA[Ravi]]>
              </value>
            </param>
            <param index="2">
              <value>
                <![CDATA[Kumar]]>
              </value>
            </param>
            <param index="3">
              <value>
                <![CDATA[ravi_1023232@test.com]]>
              </value>
            </param>
            <param index="4">
              <value>
                <![CDATA[Test@123]]>
              </value>
            </param>
            <param index="5">
              <value>
                <![CDATA[Test@123]]>
              </value>
            </param>
          </params>
          <exception class="java.lang.AssertionError">
            <message>
              <![CDATA[expected [Your registration completed] but found [The specified email already exists]]]>
            </message>
            <full-stacktrace>
              <![CDATA[java.lang.AssertionError: expected [Your registration completed] but found [The specified email already exists]
at org.testng.Assert.fail(Assert.java:111)
at org.testng.Assert.failNotEquals(Assert.java:1578)
at org.testng.Assert.assertEqualsImpl(Assert.java:150)
at org.testng.Assert.assertEquals(Assert.java:132)
at org.testng.Assert.assertEquals(Assert.java:656)
at org.testng.Assert.assertEquals(Assert.java:666)
at com.tricenties.RegisterTest.register_success(RegisterTest.java:43)
at java.base/jdk.internal.reflect.DirectMethodHandleAccessor.invoke(DirectMethodHandleAccessor.java:104)
at java.base/java.lang.reflect.Method.invoke(Method.java:565)
at org.testng.internal.invokers.MethodInvocationHelper.invokeMethod(MethodInvocationHelper.java:141)
at org.testng.internal.invokers.TestInvoker.invokeMethod(TestInvoker.java:686)
at org.testng.internal.invokers.TestInvoker.invokeTestMethod(TestInvoker.java:230)
at org.testng.internal.invokers.MethodRunner.runInSequence(MethodRunner.java:63)
at org.testng.internal.invokers.TestInvoker$MethodInvocationAgent.invoke(TestInvoker.java:992)
at org.testng.internal.invokers.TestInvoker.invokeTestMethods(TestInvoker.java:203)
at org.testng.internal.invokers.TestMethodWorker.invokeTestMethods(TestMethodWorker.java:154)
at org.testng.internal.invokers.TestMethodWorker.run(TestMethodWorker.java:134)
at java.base/java.util.ArrayList.forEach(ArrayList.java:1604)
at org.testng.TestRunner.privateRun(TestRunner.java:739)
at org.testng.TestRunner.run(TestRunner.java:614)
at org.testng.SuiteRunner.runTest(SuiteRunner.java:421)
at org.testng.SuiteRunner.runSequentially(SuiteRunner.java:413)
at org.testng.SuiteRunner.privateRun(SuiteRunner.java:373)
at org.testng.SuiteRunner.run(SuiteRunner.java:312)
at org.testng.SuiteRunnerWorker.runSuite(SuiteRunnerWorker.java:52)
at org.testng.SuiteRunnerWorker.run(SuiteRunnerWorker.java:95)
at org.testng.TestNG.runSuitesSequentially(TestNG.java:1274)
at org.testng.TestNG.runSuitesLocally(TestNG.java:1208)
at org.testng.TestNG.runSuites(TestNG.java:1112)
at org.testng.TestNG.run(TestNG.java:1079)
at org.apache.maven.surefire.testng.TestNGExecutor.run(TestNGExecutor.java:155)
at org.apache.maven.surefire.testng.TestNGDirectoryTestSuite.executeMulti(TestNGDirectoryTestSuite.java:169)
at org.apache.maven.surefire.testng.TestNGDirectoryTestSuite.execute(TestNGDirectoryTestSuite.java:88)
at org.apache.maven.surefire.testng.TestNGProvider.invoke(TestNGProvider.java:137)
at org.apache.maven.surefire.booter.ForkedBooter.runSuitesInProcess(ForkedBooter.java:385)
at org.apache.maven.surefire.booter.ForkedBooter.execute(ForkedBooter.java:162)
at org.apache.maven.surefire.booter.ForkedBooter.run(ForkedBooter.java:507)
at org.apache.maven.surefire.booter.ForkedBooter.main(ForkedBooter.java:495)
]]>
            </full-stacktrace>
          </exception> <!-- java.lang.AssertionError -->
          <reporter-output>
          </reporter-output>
        </test-method> <!-- register_success -->
        <test-method is-config="true" signature="closeBrowser()[pri:0, instance:com.tricenties.RegisterTest@27c86f2d]" started-at="2026-02-22T18:51:10 IST" name="closeBrowser" finished-at="2026-02-22T18:51:11 IST" duration-ms="267" status="PASS">
          <reporter-output>
          </reporter-output>
        </test-method> <!-- closeBrowser -->
        <test-method is-config="true" signature="openBrowser()[pri:0, instance:com.tricenties.RegisterTest@27c86f2d]" started-at="2026-02-22T18:51:11 IST" name="openBrowser" finished-at="2026-02-22T18:51:13 IST" duration-ms="1864" status="PASS">
          <reporter-output>
          </reporter-output>
        </test-method> <!-- openBrowser -->
        <test-method signature="register_validation(java.lang.String,java.lang.String,java.lang.String,java.lang.String,java.lang.String,java.lang.String,java.lang.String)[pri:0, instance:com.tricenties.RegisterTest@27c86f2d]" started-at="2026-02-22T18:51:13 IST" name="register_validation" data-provider="testCaseData" finished-at="2026-02-22T18:51:22 IST" duration-ms="9082" status="PASS">
          <params>
            <param index="0">
              <value>
                <![CDATA[Male]]>
              </value>
            </param>
            <param index="1">
              <value>
                <![CDATA[]]>
              </value>
            </param>
            <param index="2">
              <value>
                <![CDATA[Shah]]>
              </value>
            </param>
            <param index="3">
              <value>
                <![CDATA[karan@test.com]]>
              </value>
            </param>
            <param index="4">
              <value>
                <![CDATA[Test@123]]>
              </value>
            </param>
            <param index="5">
              <value>
                <![CDATA[Test@123]]>
              </value>
            </param>
            <param index="6">
              <value>
                <![CDATA[First name is required.]]>
              </value>
            </param>
          </params>
          <reporter-output>
            <line>
              <![CDATA[register_validation has been passed]]>
            </line>
          </reporter-output>
        </test-method> <!-- register_validation -->
        <test-method is-config="true" signature="closeBrowser()[pri:0, instance:com.tricenties.RegisterTest@27c86f2d]" started-at="2026-02-22T18:51:22 IST" name="closeBrowser" finished-at="2026-02-22T18:51:22 IST" duration-ms="301" status="PASS">
          <reporter-output>
          </reporter-output>
        </test-method> <!-- closeBrowser -->
        <test-method is-config="true" signature="openBrowser()[pri:0, instance:com.tricenties.RegisterTest@27c86f2d]" started-at="2026-02-22T18:51:22 IST" name="openBrowser" finished-at="2026-02-22T18:51:24 IST" duration-ms="1970" status="PASS">
          <reporter-output>
          </reporter-output>
        </test-method> <!-- openBrowser -->
        <test-method signature="register_validation(java.lang.String,java.lang.String,java.lang.String,java.lang.String,java.lang.String,java.lang.String,java.lang.String)[pri:0, instance:com.tricenties.RegisterTest@27c86f2d]" started-at="2026-02-22T18:51:24 IST" name="register_validation" data-provider="testCaseData" finished-at="2026-02-22T18:51:33 IST" duration-ms="9107" status="PASS">
          <params>
            <param index="0">
              <value>
                <![CDATA[Female]]>
              </value>
            </param>
            <param index="1">
              <value>
                <![CDATA[Riya]]>
              </value>
            </param>
            <param index="2">
              <value>
                <![CDATA[]]>
              </value>
            </param>
            <param index="3">
              <value>
                <![CDATA[riya@test.com]]>
              </value>
            </param>
            <param index="4">
              <value>
                <![CDATA[Test@123]]>
              </value>
            </param>
            <param index="5">
              <value>
                <![CDATA[Test@123]]>
              </value>
            </param>
            <param index="6">
              <value>
                <![CDATA[Last name is required.]]>
              </value>
            </param>
          </params>
          <reporter-output>
            <line>
              <![CDATA[register_validation has been passed]]>
            </line>
          </reporter-output>
        </test-method> <!-- register_validation -->
        <test-method is-config="true" signature="closeBrowser()[pri:0, instance:com.tricenties.RegisterTest@27c86f2d]" started-at="2026-02-22T18:51:33 IST" name="closeBrowser" finished-at="2026-02-22T18:51:33 IST" duration-ms="272" status="PASS">
          <reporter-output>
          </reporter-output>
        </test-method> <!-- closeBrowser -->
        <test-method is-config="true" signature="openBrowser()[pri:0, instance:com.tricenties.RegisterTest@27c86f2d]" started-at="2026-02-22T18:51:33 IST" name="openBrowser" finished-at="2026-02-22T18:51:35 IST" duration-ms="1593" status="PASS">
          <reporter-output>
          </reporter-output>
        </test-method> <!-- openBrowser -->
        <test-method signature="register_validation(java.lang.String,java.lang.String,java.lang.String,java.lang.String,java.lang.String,java.lang.String,java.lang.String)[pri:0, instance:com.tricenties.RegisterTest@27c86f2d]" started-at="2026-02-22T18:51:35 IST" name="register_validation" data-provider="testCaseData" finished-at="2026-02-22T18:51:43 IST" duration-ms="8185" status="PASS">
          <params>
            <param index="0">
              <value>
                <![CDATA[Male]]>
              </value>
            </param>
            <param index="1">
              <value>
                <![CDATA[Amit]]>
              </value>
            </param>
            <param index="2">
              <value>
                <![CDATA[Verma]]>
              </value>
            </param>
            <param index="3">
              <value>
                <![CDATA[]]>
              </value>
            </param>
            <param index="4">
              <value>
                <![CDATA[Test@123]]>
              </value>
            </param>
            <param index="5">
              <value>
                <![CDATA[Test@123]]>
              </value>
            </param>
            <param index="6">
              <value>
                <![CDATA[Email is required.]]>
              </value>
            </param>
          </params>
          <reporter-output>
            <line>
              <![CDATA[register_validation has been passed]]>
            </line>
          </reporter-output>
        </test-method> <!-- register_validation -->
        <test-method is-config="true" signature="closeBrowser()[pri:0, instance:com.tricenties.RegisterTest@27c86f2d]" started-at="2026-02-22T18:51:43 IST" name="closeBrowser" finished-at="2026-02-22T18:51:43 IST" duration-ms="292" status="PASS">
          <reporter-output>
          </reporter-output>
        </test-method> <!-- closeBrowser -->
        <test-method is-config="true" signature="openBrowser()[pri:0, instance:com.tricenties.RegisterTest@27c86f2d]" started-at="2026-02-22T18:51:43 IST" name="openBrowser" finished-at="2026-02-22T18:51:45 IST" duration-ms="1706" status="PASS">
          <reporter-output>
          </reporter-output>
        </test-method> <!-- openBrowser -->
        <test-method signature="register_validation(java.lang.String,java.lang.String,java.lang.String,java.lang.String,java.lang.String,java.lang.String,java.lang.String)[pri:0, instance:com.tricenties.RegisterTest@27c86f2d]" started-at="2026-02-22T18:51:45 IST" name="register_validation" data-provider="testCaseData" finished-at="2026-02-22T18:51:53 IST" duration-ms="7831" status="PASS">
          <params>
            <param index="0">
              <value>
                <![CDATA[Female]]>
              </value>
            </param>
            <param index="1">
              <value>
                <![CDATA[Neha]]>
              </value>
            </param>
            <param index="2">
              <value>
                <![CDATA[Roy]]>
              </value>
            </param>
            <param index="3">
              <value>
                <![CDATA[neha@test.com]]>
              </value>
            </param>
            <param index="4">
              <value>
                <![CDATA[]]>
              </value>
            </param>
            <param index="5">
              <value>
                <![CDATA[123.0]]>
              </value>
            </param>
            <param index="6">
              <value>
                <![CDATA[Password is required.]]>
              </value>
            </param>
          </params>
          <reporter-output>
            <line>
              <![CDATA[register_validation has been passed]]>
            </line>
          </reporter-output>
        </test-method> <!-- register_validation -->
        <test-method is-config="true" signature="closeBrowser()[pri:0, instance:com.tricenties.RegisterTest@27c86f2d]" started-at="2026-02-22T18:51:53 IST" name="closeBrowser" finished-at="2026-02-22T18:51:53 IST" duration-ms="295" status="PASS">
          <reporter-output>
          </reporter-output>
        </test-method> <!-- closeBrowser -->
        <test-method is-config="true" signature="openBrowser()[pri:0, instance:com.tricenties.RegisterTest@27c86f2d]" started-at="2026-02-22T18:51:53 IST" name="openBrowser" finished-at="2026-02-22T18:51:55 IST" duration-ms="1780" status="PASS">
          <reporter-output>
          </reporter-output>
        </test-method> <!-- openBrowser -->
        <test-method signature="register_validation(java.lang.String,java.lang.String,java.lang.String,java.lang.String,java.lang.String,java.lang.String,java.lang.String)[pri:0, instance:com.tricenties.RegisterTest@27c86f2d]" started-at="2026-02-22T18:51:55 IST" name="register_validation" data-provider="testCaseData" finished-at="2026-02-22T18:52:05 IST" duration-ms="9862" status="PASS">
          <params>
            <param index="0">
              <value>
                <![CDATA[Male]]>
              </value>
            </param>
            <param index="1">
              <value>
                <![CDATA[Arjun]]>
              </value>
            </param>
            <param index="2">
              <value>
                <![CDATA[Das]]>
              </value>
            </param>
            <param index="3">
              <value>
                <![CDATA[arjun@test.com]]>
              </value>
            </param>
            <param index="4">
              <value>
                <![CDATA[Test@123]]>
              </value>
            </param>
            <param index="5">
              <value>
                <![CDATA[]]>
              </value>
            </param>
            <param index="6">
              <value>
                <![CDATA[Password is required.]]>
              </value>
            </param>
          </params>
          <reporter-output>
            <line>
              <![CDATA[register_validation has been passed]]>
            </line>
          </reporter-output>
        </test-method> <!-- register_validation -->
        <test-method is-config="true" signature="closeBrowser()[pri:0, instance:com.tricenties.RegisterTest@27c86f2d]" started-at="2026-02-22T18:52:05 IST" name="closeBrowser" finished-at="2026-02-22T18:52:05 IST" duration-ms="287" status="PASS">
          <reporter-output>
          </reporter-output>
        </test-method> <!-- closeBrowser -->
        <test-method is-config="true" signature="openBrowser()[pri:0, instance:com.tricenties.RegisterTest@27c86f2d]" started-at="2026-02-22T18:52:05 IST" name="openBrowser" finished-at="2026-02-22T18:52:08 IST" duration-ms="2925" status="PASS">
          <reporter-output>
          </reporter-output>
        </test-method> <!-- openBrowser -->
        <test-method signature="register_validation(java.lang.String,java.lang.String,java.lang.String,java.lang.String,java.lang.String,java.lang.String,java.lang.String)[pri:0, instance:com.tricenties.RegisterTest@27c86f2d]" started-at="2026-02-22T18:52:08 IST" name="register_validation" data-provider="testCaseData" finished-at="2026-02-22T18:52:17 IST" duration-ms="8839" status="PASS">
          <params>
            <param index="0">
              <value>
                <![CDATA[Male]]>
              </value>
            </param>
            <param index="1">
              <value>
                <![CDATA[Arjun]]>
              </value>
            </param>
            <param index="2">
              <value>
                <![CDATA[Das]]>
              </value>
            </param>
            <param index="3">
              <value>
                <![CDATA[arjun@test.com]]>
              </value>
            </param>
            <param index="4">
              <value>
                <![CDATA[Test@124]]>
              </value>
            </param>
            <param index="5">
              <value>
                <![CDATA[Test@4234234]]>
              </value>
            </param>
            <param index="6">
              <value>
                <![CDATA[The password and confirmation password do not match.]]>
              </value>
            </param>
          </params>
          <reporter-output>
            <line>
              <![CDATA[register_validation has been passed]]>
            </line>
          </reporter-output>
        </test-method> <!-- register_validation -->
        <test-method is-config="true" signature="closeBrowser()[pri:0, instance:com.tricenties.RegisterTest@27c86f2d]" started-at="2026-02-22T18:52:17 IST" name="closeBrowser" finished-at="2026-02-22T18:52:17 IST" duration-ms="303" status="PASS">
          <reporter-output>
          </reporter-output>
        </test-method> <!-- closeBrowser -->
      </class> <!-- com.tricenties.RegisterTest -->
      <class name="com.tricenties.LoginTest">
        <test-method is-config="true" signature="openBrowser()[pri:0, instance:com.tricenties.LoginTest@6b4a4e18]" started-at="2026-02-22T18:49:12 IST" name="openBrowser" finished-at="2026-02-22T18:49:13 IST" duration-ms="1734" status="PASS">
          <reporter-output>
          </reporter-output>
        </test-method> <!-- openBrowser -->
        <test-method signature="loginSuccess(java.lang.String,java.lang.String)[pri:0, instance:com.tricenties.LoginTest@6b4a4e18]" started-at="2026-02-22T18:49:13 IST" name="loginSuccess" data-provider="testCaseData" finished-at="2026-02-22T18:49:24 IST" duration-ms="10667" status="PASS">
          <params>
            <param index="0">
              <value>
                <![CDATA[anu_101212@test.com]]>
              </value>
            </param>
            <param index="1">
              <value>
                <![CDATA[Test@123]]>
              </value>
            </param>
          </params>
          <reporter-output>
            <line>
              <![CDATA[loginSuccess has been passed]]>
            </line>
          </reporter-output>
        </test-method> <!-- loginSuccess -->
        <test-method is-config="true" signature="closeBrowser()[pri:0, instance:com.tricenties.LoginTest@6b4a4e18]" started-at="2026-02-22T18:49:24 IST" name="closeBrowser" finished-at="2026-02-22T18:49:24 IST" duration-ms="309" status="PASS">
          <reporter-output>
          </reporter-output>
        </test-method> <!-- closeBrowser -->
        <test-method is-config="true" signature="openBrowser()[pri:0, instance:com.tricenties.LoginTest@6b4a4e18]" started-at="2026-02-22T18:49:24 IST" name="openBrowser" finished-at="2026-02-22T18:49:26 IST" duration-ms="1944" status="PASS">
          <reporter-output>
          </reporter-output>
        </test-method> <!-- openBrowser -->
        <test-method signature="loginSuccess(java.lang.String,java.lang.String)[pri:0, instance:com.tricenties.LoginTest@6b4a4e18]" started-at="2026-02-22T18:49:26 IST" name="loginSuccess" data-provider="testCaseData" finished-at="2026-02-22T18:49:35 IST" duration-ms="9141" status="PASS">
          <params>
            <param index="0">
              <value>
                <![CDATA[ravi_1023232@test.com]]>
              </value>
            </param>
            <param index="1">
              <value>
                <![CDATA[Test@123]]>
              </value>
            </param>
          </params>
          <reporter-output>
            <line>
              <![CDATA[loginSuccess has been passed]]>
            </line>
          </reporter-output>
        </test-method> <!-- loginSuccess -->
        <test-method is-config="true" signature="closeBrowser()[pri:0, instance:com.tricenties.LoginTest@6b4a4e18]" started-at="2026-02-22T18:49:35 IST" name="closeBrowser" finished-at="2026-02-22T18:49:36 IST" duration-ms="274" status="PASS">
          <reporter-output>
          </reporter-output>
        </test-method> <!-- closeBrowser -->
        <test-method is-config="true" signature="openBrowser()[pri:0, instance:com.tricenties.LoginTest@6b4a4e18]" started-at="2026-02-22T18:49:36 IST" name="openBrowser" finished-at="2026-02-22T18:49:40 IST" duration-ms="4204" status="PASS">
          <reporter-output>
          </reporter-output>
        </test-method> <!-- openBrowser -->
        <test-method signature="loginWithInvalidCred(java.lang.String,java.lang.String)[pri:0, instance:com.tricenties.LoginTest@6b4a4e18]" started-at="2026-02-22T18:49:40 IST" name="loginWithInvalidCred" data-provider="testCaseData" finished-at="2026-02-22T18:49:57 IST" duration-ms="17249" status="PASS">
          <params>
            <param index="0">
              <value>
                <![CDATA[sdasd]]>
              </value>
            </param>
            <param index="1">
              <value>
                <![CDATA[Test@21323]]>
              </value>
            </param>
          </params>
          <reporter-output>
            <line>
              <![CDATA[loginWithInvalidCred has been passed]]>
            </line>
          </reporter-output>
        </test-method> <!-- loginWithInvalidCred -->
        <test-method is-config="true" signature="closeBrowser()[pri:0, instance:com.tricenties.LoginTest@6b4a4e18]" started-at="2026-02-22T18:49:57 IST" name="closeBrowser" finished-at="2026-02-22T18:49:57 IST" duration-ms="338" status="PASS">
          <reporter-output>
          </reporter-output>
        </test-method> <!-- closeBrowser -->
        <test-method is-config="true" signature="openBrowser()[pri:0, instance:com.tricenties.LoginTest@6b4a4e18]" started-at="2026-02-22T18:49:57 IST" name="openBrowser" finished-at="2026-02-22T18:49:59 IST" duration-ms="1674" status="PASS">
          <reporter-output>
          </reporter-output>
        </test-method> <!-- openBrowser -->
        <test-method signature="loginWithInvalidCred(java.lang.String,java.lang.String)[pri:0, instance:com.tricenties.LoginTest@6b4a4e18]" started-at="2026-02-22T18:49:59 IST" name="loginWithInvalidCred" data-provider="testCaseData" finished-at="2026-02-22T18:50:20 IST" duration-ms="20622" status="PASS">
          <params>
            <param index="0">
              <value>
                <![CDATA[satyam@gmail.com]]>
              </value>
            </param>
            <param index="1">
              <value>
                <![CDATA[]]>
              </value>
            </param>
          </params>
          <reporter-output>
            <line>
              <![CDATA[loginWithInvalidCred has been passed]]>
            </line>
          </reporter-output>
        </test-method> <!-- loginWithInvalidCred -->
        <test-method is-config="true" signature="closeBrowser()[pri:0, instance:com.tricenties.LoginTest@6b4a4e18]" started-at="2026-02-22T18:50:20 IST" name="closeBrowser" finished-at="2026-02-22T18:50:20 IST" duration-ms="356" status="PASS">
          <reporter-output>
          </reporter-output>
        </test-method> <!-- closeBrowser -->
        <test-method is-config="true" signature="openBrowser()[pri:0, instance:com.tricenties.LoginTest@6b4a4e18]" started-at="2026-02-22T18:50:20 IST" name="openBrowser" finished-at="2026-02-22T18:50:22 IST" duration-ms="1728" status="PASS">
          <reporter-output>
          </reporter-output>
        </test-method> <!-- openBrowser -->
        <test-method signature="loginWithInvalidCred(java.lang.String,java.lang.String)[pri:0, instance:com.tricenties.LoginTest@6b4a4e18]" started-at="2026-02-22T18:50:22 IST" name="loginWithInvalidCred" data-provider="testCaseData" finished-at="2026-02-22T18:50:40 IST" duration-ms="17830" status="PASS">
          <params>
            <param index="0">
              <value>
                <![CDATA[]]>
              </value>
            </param>
            <param index="1">
              <value>
                <![CDATA[]]>
              </value>
            </param>
          </params>
          <reporter-output>
            <line>
              <![CDATA[loginWithInvalidCred has been passed]]>
            </line>
          </reporter-output>
        </test-method> <!-- loginWithInvalidCred -->
        <test-method is-config="true" signature="closeBrowser()[pri:0, instance:com.tricenties.LoginTest@6b4a4e18]" started-at="2026-02-22T18:50:40 IST" name="closeBrowser" finished-at="2026-02-22T18:50:40 IST" duration-ms="353" status="PASS">
          <reporter-output>
          </reporter-output>
        </test-method> <!-- closeBrowser -->
      </class> <!-- com.tricenties.LoginTest -->
    </test> <!-- Surefire test -->
  </suite> <!-- Surefire suite -->
</testng-results>
