<?xml version="1.0" encoding="UTF-8"?>
<testsuite xmlns:xsi="http://www.w3.org/2001/XMLSchema-instance" xsi:noNamespaceSchemaLocation="https://maven.apache.org/surefire/maven-surefire-plugin/xsd/surefire-test-report-3.0.xsd" version="3.0" name="TestSuite" time="350.318" tests="21" errors="0" skipped="0" failures="2">
  <properties>
[...]
</properties>
  <testcase name="checkAddedProduct" classname="com.tricenties.CartTest" time="15.38">
    <system-out><![CDATA[2026-02-22T13:17:43.408674Z main ERROR Log4j API could not find a logging provider.
name and prices match with selected product: true
]]></system-out>
    <system-err><![CDATA[SLF4J: Failed to load class "org.slf4j.impl.StaticLoggerBinder".
SLF4J: Defaulting to no-operation (NOP) logger implementation
SLF4J: See http://www.slf4j.org/codes.html#StaticLoggerBinder for further details.
Feb 22, 2026 6:47:51 PM org.openqa.selenium.devtools.CdpVersionFinder findNearestMatch
WARNING: Unable to find an exact match for CDP version 145, returning the closest version; found: 144; Please update to a Selenium version that supports CDP version 145
]]></system-err>
  </testcase>
  <testcase name="clickOnAddToCart" classname="com.tricenties.CartTest" time="11.915">
    <system-out><![CDATA[checkAddedProduct has been passed
The product has been added to your shopping cart
Tc1 Pssed
]]></system-out>
    <system-err><![CDATA[Feb 22, 2026 6:48:09 PM org.openqa.selenium.devtools.CdpVersionFinder findNearestMatch
WARNING: Unable to find an exact match for CDP version 145, returning the closest version; found: 144; Please update to a Selenium version that supports CDP version 145
]]></system-err>
  </testcase>
  <testcase name="verifyCartProductWithSelectedProduct" classname="com.tricenties.CartTest" time="13.702">
    <system-out><![CDATA[clickOnAddToCart has been passed
]]></system-out>
    <system-err><![CDATA[Feb 22, 2026 6:48:24 PM org.openqa.selenium.devtools.CdpVersionFinder findNearestMatch
WARNING: Unable to find an exact match for CDP version 145, returning the closest version; found: 144; Please update to a Selenium version that supports CDP version 145
]]></system-err>
  </testcase>
  <testcase name="verifyProductAfterLogout" classname="com.tricenties.CartTest" time="18.243">
    <system-out><![CDATA[verifyCartProductWithSelectedProduct has been passed
name and prices match with selected product: true
Tc4 passed
]]></system-out>
    <system-err><![CDATA[Feb 22, 2026 6:48:40 PM org.openqa.selenium.devtools.CdpVersionFinder findNearestMatch
WARNING: Unable to find an exact match for CDP version 145, returning the closest version; found: 144; Please update to a Selenium version that supports CDP version 145
]]></system-err>
  </testcase>
  <testcase name="enquiry" classname="com.tricenties.ContactUsTest" time="10.316">
    <system-out><![CDATA[verifyProductAfterLogout has been passed
]]></system-out>
    <system-err><![CDATA[Feb 22, 2026 6:49:00 PM org.openqa.selenium.devtools.CdpVersionFinder findNearestMatch
WARNING: Unable to find an exact match for CDP version 145, returning the closest version; found: 144; Please update to a Selenium version that supports CDP version 145
]]></system-err>
  </testcase>
  <testcase name="loginSuccess[anu_101212@test.com, Test@123](1)" classname="com.tricenties.LoginTest" time="10.666">
    <system-out><![CDATA[enquiry has been passed
]]></system-out>
    <system-err><![CDATA[Feb 22, 2026 6:49:13 PM org.openqa.selenium.devtools.CdpVersionFinder findNearestMatch
WARNING: Unable to find an exact match for CDP version 145, returning the closest version; found: 144; Please update to a Selenium version that supports CDP version 145
]]></system-err>
  </testcase>
  <testcase name="loginSuccess[ravi_1023232@test.com, Test@123](2)" classname="com.tricenties.LoginTest" time="9.139">
    <system-out><![CDATA[loginSuccess has been passed
]]></system-out>
    <system-err><![CDATA[Feb 22, 2026 6:49:25 PM org.openqa.selenium.devtools.CdpVersionFinder findNearestMatch
WARNING: Unable to find an exact match for CDP version 145, returning the closest version; found: 144; Please update to a Selenium version that supports CDP version 145
]]></system-err>
  </testcase>
  <testcase name="loginWithInvalidCred[sdasd, Test@21323](1)" classname="com.tricenties.LoginTest" time="17.243">
    <system-out><![CDATA[loginSuccess has been passed
]]></system-out>
    <system-err><![CDATA[Feb 22, 2026 6:49:37 PM org.openqa.selenium.devtools.CdpVersionFinder findNearestMatch
WARNING: Unable to find an exact match for CDP version 145, returning the closest version; found: 144; Please update to a Selenium version that supports CDP version 145
]]></system-err>
  </testcase>
  <testcase name="loginWithInvalidCred[satyam@gmail.com, ](2)" classname="com.tricenties.LoginTest" time="20.62">
    <system-out><![CDATA[loginWithInvalidCred has been passed
]]></system-out>
    <system-err><![CDATA[Feb 22, 2026 6:49:58 PM org.openqa.selenium.devtools.CdpVersionFinder findNearestMatch
WARNING: Unable to find an exact match for CDP version 145, returning the closest version; found: 144; Please update to a Selenium version that supports CDP version 145
]]></system-err>
  </testcase>
  <testcase name="loginWithInvalidCred[, ](3)" classname="com.tricenties.LoginTest" time="17.83">
    <system-out><![CDATA[loginWithInvalidCred has been passed
]]></system-out>
    <system-err><![CDATA[Feb 22, 2026 6:50:21 PM org.openqa.selenium.devtools.CdpVersionFinder findNearestMatch
WARNING: Unable to find an exact match for CDP version 145, returning the closest version; found: 144; Please update to a Selenium version that supports CDP version 145
]]></system-err>
  </testcase>
  <testcase name="register_success[Female, Anu, Sharma, anu_101212@test.com, Test@123, Test@123](1)" classname="com.tricenties.RegisterTest" time="10.941">
    <failure message="expected [Your registration completed] but found [The specified email already exists]" type="java.lang.AssertionError"><![CDATA[java.lang.AssertionError: expected [Your registration completed] but found [The specified email already exists]
	at org.testng.Assert.fail(Assert.java:111)
	at org.testng.Assert.failNotEquals(Assert.java:1578)
	at org.testng.Assert.assertEqualsImpl(Assert.java:150)
	at org.testng.Assert.assertEquals(Assert.java:132)
	at org.testng.Assert.assertEquals(Assert.java:656)
	at org.testng.Assert.assertEquals(Assert.java:666)
	at com.tricenties.RegisterTest.register_success(RegisterTest.java:43)
	at java.base/jdk.internal.reflect.DirectMethodHandleAccessor.invoke(DirectMethodHandleAccessor.java:104)
	at java.base/java.lang.reflect.Method.invoke(Method.java:565)
	at org.testng.internal.invokers.MethodInvocationHelper.invokeMethod(MethodInvocationHelper.java:141)
	at org.testng.internal.invokers.TestInvoker.invokeMethod(TestInvoker.java:686)
	at org.testng.internal.invokers.TestInvoker.invokeTestMethod(TestInvoker.java:230)
	at org.testng.internal.invokers.MethodRunner.runInSequence(MethodRunner.java:63)
	at org.testng.internal.invokers.TestInvoker$MethodInvocationAgent.invoke(TestInvoker.java:992)
	at org.testng.internal.invokers.TestInvoker.invokeTestMethods(TestInvoker.java:203)
	at org.testng.internal.invokers.TestMethodWorker.invokeTestMethods(TestMethodWorker.java:154)
	at org.testng.internal.invokers.TestMethodWorker.run(TestMethodWorker.java:134)
	at java.base/java.util.ArrayList.forEach(ArrayList.java:1604)
	at org.testng.TestRunner.privateRun(TestRunner.java:739)
	at org.testng.TestRunner.run(TestRunner.java:614)
	at org.testng.SuiteRunner.runTest(SuiteRunner.java:421)
	at org.testng.SuiteRunner.runSequentially(SuiteRunner.java:413)
	at org.testng.SuiteRunner.privateRun(SuiteRunner.java:373)
	at org.testng.SuiteRunner.run(SuiteRunner.java:312)
	at org.testng.SuiteRunnerWorker.runSuite(SuiteRunnerWorker.java:52)
	at org.testng.SuiteRunnerWorker.run(SuiteRunnerWorker.java:95)
	at org.testng.TestNG.runSuitesSequentially(TestNG.java:1274)
	at org.testng.TestNG.runSuitesLocally(TestNG.java:1208)
	at org.testng.TestNG.runSuites(TestNG.java:1112)
	at org.testng.TestNG.run(TestNG.java:1079)
	at org.apache.maven.surefire.testng.TestNGExecutor.run(TestNGExecutor.java:155)
	at org.apache.maven.surefire.testng.TestNGDirectoryTestSuite.executeMulti(TestNGDirectoryTestSuite.java:169)
	at org.apache.maven.surefire.testng.TestNGDirectoryTestSuite.execute(TestNGDirectoryTestSuite.java:88)
	at org.apache.maven.surefire.testng.TestNGProvider.invoke(TestNGProvider.java:137)
	at org.apache.maven.surefire.booter.ForkedBooter.runSuitesInProcess(ForkedBooter.java:385)
	at org.apache.maven.surefire.booter.ForkedBooter.execute(ForkedBooter.java:162)
	at org.apache.maven.surefire.booter.ForkedBooter.run(ForkedBooter.java:507)
	at org.apache.maven.surefire.booter.ForkedBooter.main(ForkedBooter.java:495)
]]></failure>
    <system-out><![CDATA[loginWithInvalidCred has been passed
]]></system-out>
    <system-err><![CDATA[Feb 22, 2026 6:50:41 PM org.openqa.selenium.devtools.CdpVersionFinder findNearestMatch
WARNING: Unable to find an exact match for CDP version 145, returning the closest version; found: 144; Please update to a Selenium version that supports CDP version 145
]]></system-err>
  </testcase>
  <testcase name="register_success[Male, Ravi, Kumar, ravi_1023232@test.com, Test@123, Test@123](2)" classname="com.tricenties.RegisterTest" time="13.46">
    <failure message="expected [Your registration completed] but found [The specified email already exists]" type="java.lang.AssertionError"><![CDATA[java.lang.AssertionError: expected [Your registration completed] but found [The specified email already exists]
	at org.testng.Assert.fail(Assert.java:111)
	at org.testng.Assert.failNotEquals(Assert.java:1578)
	at org.testng.Assert.assertEqualsImpl(Assert.java:150)
	at org.testng.Assert.assertEquals(Assert.java:132)
	at org.testng.Assert.assertEquals(Assert.java:656)
	at org.testng.Assert.assertEquals(Assert.java:666)
	at com.tricenties.RegisterTest.register_success(RegisterTest.java:43)
	at java.base/jdk.internal.reflect.DirectMethodHandleAccessor.invoke(DirectMethodHandleAccessor.java:104)
	at java.base/java.lang.reflect.Method.invoke(Method.java:565)
	at org.testng.internal.invokers.MethodInvocationHelper.invokeMethod(MethodInvocationHelper.java:141)
	at org.testng.internal.invokers.TestInvoker.invokeMethod(TestInvoker.java:686)
	at org.testng.internal.invokers.TestInvoker.invokeTestMethod(TestInvoker.java:230)
	at org.testng.internal.invokers.MethodRunner.runInSequence(MethodRunner.java:63)
	at org.testng.internal.invokers.TestInvoker$MethodInvocationAgent.invoke(TestInvoker.java:992)
	at org.testng.internal.invokers.TestInvoker.invokeTestMethods(TestInvoker.java:203)
	at org.testng.internal.invokers.TestMethodWorker.invokeTestMethods(TestMethodWorker.java:154)
	at org.testng.internal.invokers.TestMethodWorker.run(TestMethodWorker.java:134)
	at java.base/java.util.ArrayList.forEach(ArrayList.java:1604)
	at org.testng.TestRunner.privateRun(TestRunner.java:739)
	at org.testng.TestRunner.run(TestRunner.java:614)
	at org.testng.SuiteRunner.runTest(SuiteRunner.java:421)
	at org.testng.SuiteRunner.runSequentially(SuiteRunner.java:413)
	at org.testng.SuiteRunner.privateRun(SuiteRunner.java:373)
	at org.testng.SuiteRunner.run(SuiteRunner.java:312)
	at org.testng.SuiteRunnerWorker.runSuite(SuiteRunnerWorker.java:52)
	at org.testng.SuiteRunnerWorker.run(SuiteRunnerWorker.java:95)
	at org.testng.TestNG.runSuitesSequentially(TestNG.java:1274)
	at org.testng.TestNG.runSuitesLocally(TestNG.java:1208)
	at org.testng.TestNG.runSuites(TestNG.java:1112)
	at org.testng.TestNG.run(TestNG.java:1079)
	at org.apache.maven.surefire.testng.TestNGExecutor.run(TestNGExecutor.java:155)
	at org.apache.maven.surefire.testng.TestNGDirectoryTestSuite.executeMulti(TestNGDirectoryTestSuite.java:169)
	at org.apache.maven.surefire.testng.TestNGDirectoryTestSuite.execute(TestNGDirectoryTestSuite.java:88)
	at org.apache.maven.surefire.testng.TestNGProvider.invoke(TestNGProvider.java:137)
	at org.apache.maven.surefire.booter.ForkedBooter.runSuitesInProcess(ForkedBooter.java:385)
	at org.apache.maven.surefire.booter.ForkedBooter.execute(ForkedBooter.java:162)
	at org.apache.maven.surefire.booter.ForkedBooter.run(ForkedBooter.java:507)
	at org.apache.maven.surefire.booter.ForkedBooter.main(ForkedBooter.java:495)
]]></failure>
    <system-err><![CDATA[Feb 22, 2026 6:50:56 PM org.openqa.selenium.devtools.CdpVersionFinder findNearestMatch
WARNING: Unable to find an exact match for CDP version 145, returning the closest version; found: 144; Please update to a Selenium version that supports CDP version 145
]]></system-err>
  </testcase>
  <testcase name="register_validation[Male, , Shah, karan@test.com, Test@123, Test@123, First name is required.](1)" classname="com.tricenties.RegisterTest" time="9.081">
    <system-err><![CDATA[Feb 22, 2026 6:51:12 PM org.openqa.selenium.devtools.CdpVersionFinder findNearestMatch
WARNING: Unable to find an exact match for CDP version 145, returning the closest version; found: 144; Please update to a Selenium version that supports CDP version 145
]]></system-err>
  </testcase>
  <testcase name="register_validation[Female, Riya, , riya@test.com, Test@123, Test@123, Last name is required.](2)" classname="com.tricenties.RegisterTest" time="9.107">
    <system-out><![CDATA[register_validation has been passed
]]></system-out>
    <system-err><![CDATA[Feb 22, 2026 6:51:23 PM org.openqa.selenium.devtools.CdpVersionFinder findNearestMatch
WARNING: Unable to find an exact match for CDP version 145, returning the closest version; found: 144; Please update to a Selenium version that supports CDP version 145
]]></system-err>
  </testcase>
  <testcase name="register_validation[Male, Amit, Verma, , Test@123, Test@123, Email is required.](3)" classname="com.tricenties.RegisterTest" time="8.185">
    <system-out><![CDATA[register_validation has been passed
]]></system-out>
    <system-err><![CDATA[Feb 22, 2026 6:51:34 PM org.openqa.selenium.devtools.CdpVersionFinder findNearestMatch
WARNING: Unable to find an exact match for CDP version 145, returning the closest version; found: 144; Please update to a Selenium version that supports CDP version 145
]]></system-err>
  </testcase>
  <testcase name="register_validation[Female, Neha, Roy, neha@test.com, , 123.0, Password is required.](4)" classname="com.tricenties.RegisterTest" time="7.83">
    <system-out><![CDATA[register_validation has been passed
]]></system-out>
    <system-err><![CDATA[Feb 22, 2026 6:51:44 PM org.openqa.selenium.devtools.CdpVersionFinder findNearestMatch
WARNING: Unable to find an exact match for CDP version 145, returning the closest version; found: 144; Please update to a Selenium version that supports CDP version 145
]]></system-err>
  </testcase>
  <testcase name="register_validation[Male, Arjun, Das, arjun@test.com, Test@123, , Password is required.](5)" classname="com.tricenties.RegisterTest" time="9.862">
    <system-out><![CDATA[register_validation has been passed
]]></system-out>
    <system-err><![CDATA[Feb 22, 2026 6:51:54 PM org.openqa.selenium.devtools.CdpVersionFinder findNearestMatch
WARNING: Unable to find an exact match for CDP version 145, returning the closest version; found: 144; Please update to a Selenium version that supports CDP version 145
]]></system-err>
  </testcase>
  <testcase name="register_validation[Male, Arjun, Das, arjun@test.com, Test@124, Test@4234234, The password and confirmation password do not match.](6)" classname="com.tricenties.RegisterTest" time="8.839">
    <system-out><![CDATA[register_validation has been passed
]]></system-out>
    <system-err><![CDATA[Feb 22, 2026 6:52:06 PM org.openqa.selenium.devtools.CdpVersionFinder findNearestMatch
WARNING: Unable to find an exact match for CDP version 145, returning the closest version; found: 144; Please update to a Selenium version that supports CDP version 145
]]></system-err>
  </testcase>
  <testcase name="vrifyReviewProduct" classname="com.tricenties.ReviewTest" time="36.912">
    <system-out><![CDATA[register_validation has been passed
]]></system-out>
    <system-err><![CDATA[Feb 22, 2026 6:52:18 PM org.openqa.selenium.devtools.CdpVersionFinder findNearestMatch
WARNING: Unable to find an exact match for CDP version 145, returning the closest version; found: 144; Please update to a Selenium version that supports CDP version 145
]]></system-err>
  </testcase>
  <testcase name="addToWishList" classname="com.tricenties.WishListTest" time="15.985">
    <system-out><![CDATA[vrifyReviewProduct has been passed
The product has been added to your wishlist
The wishlist is empty!
]]></system-out>
    <system-err><![CDATA[Feb 22, 2026 6:52:58 PM org.openqa.selenium.devtools.CdpVersionFinder findNearestMatch
WARNING: Unable to find an exact match for CDP version 145, returning the closest version; found: 144; Please update to a Selenium version that supports CDP version 145
]]></system-err>
  </testcase>
  <testcase name="checkAddedProduct" classname="com.tricenties.WishListTest" time="14.14">
    <system-out><![CDATA[addToWishList has been passed
Blue and green Sneaker
Blue and green Sneaker
The product has been added to your wishlist
name and prices match with selected product: true
]]></system-out>
    <system-err><![CDATA[Feb 22, 2026 6:53:16 PM org.openqa.selenium.devtools.CdpVersionFinder findNearestMatch
WARNING: Unable to find an exact match for CDP version 145, returning the closest version; found: 144; Please update to a Selenium version that supports CDP version 145
]]></system-err>
  </testcase>
</testsuite>