<?xml version="1.0" encoding="UTF-8"?>
<!-- Generated by org.testng.reporters.JUnitReportReporter -->
<testsuite hostname="satyam" failures="0" tests="4" name="com.tricenties.CartModule" time="72.181" errors="0" timestamp="2026-02-22T18:21:28 IST" skipped="0">
  <testcase classname="com.tricenties.CartModule" name="clickOnAddToCart" time="20.299">
    <system-out>
      <![CDATA[The product has been added to your shopping cart
Tc1 Pssed
clickOnAddToCart has been passed]]>
    </system-out>
  </testcase> <!-- clickOnAddToCart -->
  <testcase classname="com.tricenties.CartModule" name="verifyCartProductWithSelectedProduct" time="16.871">
    <system-out>
      <![CDATA[Tc2 passed
verifyCartProductWithSelectedProduct has been passed]]>
    </system-out>
  </testcase> <!-- verifyCartProductWithSelectedProduct -->
  <testcase classname="com.tricenties.CartModule" name="verifyProductAfterLogout" time="18.059">
    <system-out>
      <![CDATA[name and prices match with selected product: true
Tc4 passed
verifyProductAfterLogout has been passed]]>
    </system-out>
  </testcase> <!-- verifyProductAfterLogout -->
  <testcase classname="com.tricenties.CartModule" name="checkAddedProduct" time="16.952">
    <system-out>
      <![CDATA[name and prices match with selected product: true
Tc3 Passed
checkAddedProduct has been passed]]>
    </system-out>
  </testcase> <!-- checkAddedProduct -->
  <system-out>
    <![CDATA[name and prices match with selected product: true
Tc3 Passed
checkAddedProduct has been passed
The product has been added to your shopping cart
Tc1 Pssed
clickOnAddToCart has been passed
Tc2 passed
verifyCartProductWithSelectedProduct has been passed
name and prices match with selected product: true
Tc4 passed
verifyProductAfterLogout has been passed]]>
  </system-out>
</testsuite> <!-- com.tricenties.CartModule -->
